<?xml version="1.0" encoding="Windows-1251"?>
<testing-report version="2.0" points="0" max="100" outcome="compilation-error" gtid="20190209150644067862894147">
  <solution problem="Z4" problem-name=" " problem-type="P" contestant="B65" time-limit="2000" memory-limit="268435456"/>
  <compiling outcome="compilation-error" command-line="g++ --std=c++14 -O2 -Wl,--stack,256000000 -o sol.exe sol.cxx " compiler-output="sol.cxx:1:1: error: 'cout' does not name a type&#13;&#10; cout &lt;&lt; &quot;NO&quot; &lt;&lt; endl;&#13;&#10; ^~~~&#13;&#10;sol.cxx:2:13: error: 't' does not name a type&#13;&#10;             t = 1;&#13;&#10;             ^&#13;&#10;"/>
  <testing>
    <results>
    </results>
  </testing>
</testing-report>
