<?xml version="1.0" encoding="Windows-1251"?>
<testing-report version="2.0" points="0" max="100" outcome="compilation-error" gtid="20160130130438000111299204">
  <solution problem="Z1" problem-name=" " problem-type="P" contestant="C02" time-limit="1000" memory-limit="268435456"/>
  <compiling outcome="compilation-error" command-line="g++ -O2 -Wl,--stack,256000000 -o sol.exe sol.cpp " compiler-output="sol.cpp: In function 'int main()':&#13;&#10;sol.cpp:7:29: error: 'stdin' was not declared in this scope&#13;&#10;   freopen(&quot;radiator.in&quot;,&quot;r&quot;,stdin);&#13;&#10;                             ^&#13;&#10;sol.cpp:7:34: error: 'freopen' was not declared in this scope&#13;&#10;   freopen(&quot;radiator.in&quot;,&quot;r&quot;,stdin);&#13;&#10;                                  ^&#13;&#10;sol.cpp:8:30: error: 'stdout' was not declared in this scope&#13;&#10;   freopen(&quot;radiator.out&quot;,&quot;w&quot;,stdout);&#13;&#10;                              ^&#13;&#10;"/>
  <testing>
    <results>
    </results>
  </testing>
</testing-report>
