<?xml version="1.0" encoding="Windows-1251"?>
<testing-report version="2.0" points="0" max="100" outcome="compilation-error" gtid="20200118133502016391345917">
  <solution problem="Z1" problem-name=" " problem-type="P" contestant="D27" time-limit="1000" memory-limit="268435456"/>
  <compiling outcome="compilation-error" command-line="g++ -O2 -Wl,--stack,256000000 -o sol.exe sol.cc " compiler-output="sol.cc: In function 'int main()':&#13;&#10;sol.cc:4:4: error: 'cin' was not declared in this scope&#13;&#10;    cin &gt;&gt; a &gt;&gt; b;&#13;&#10;    ^~~&#13;&#10;sol.cc:4:4: note: suggested alternative: 'main'&#13;&#10;    cin &gt;&gt; a &gt;&gt; b;&#13;&#10;    ^~~&#13;&#10;    main&#13;&#10;sol.cc:8:5: error: 'cout' was not declared in this scope&#13;&#10;     cout &lt;&lt; x;&#13;&#10;     ^~~~&#13;&#10;"/>
  <testing>
    <results>
    </results>
  </testing>
</testing-report>
