<?xml version="1.0" encoding="Windows-1251"?>
<testing-report version="2.0" points="0" max="100" outcome="compilation-error" gtid="20210424145138014984613845">
  <solution problem="Z1" problem-name=" " problem-type="P" contestant="D88" time-limit="1000" memory-limit="268435456"/>
  <compiling outcome="compilation-error" command-line="python ..\cscompile.py " compiler-output="Microsoft (R) Visual C# Compiler version 2.10.0.0 (b9fb1610)&#13;&#10;Copyright (C) Microsoft Corporation. All rights reserved.&#13;&#10;&#13;&#10;sol.cs(1,2): error CS1056: Unexpected character '&gt;'&#13;&#10;sol.cs(1,3): error CS1056: Unexpected character '?'&#13;&#10;sol.cs(1,1): error CS0116: A namespace cannot directly contain members such as fields or methods&#13;&#10;sol.cs(2,18): error CS1002: ; expected&#13;&#10;sol.cs(2,34): error CS1002: ; expected&#13;&#10;sol.cs(2,34): error CS0116: A namespace cannot directly contain members such as fields or methods&#13;&#10;sol.cs(2,38): error CS1022: Type or namespace definition, or end-of-file expected&#13;&#10;sol.cs(2,55): error CS1002: ; expected&#13;&#10;sol.cs(2,55): error CS1022: Type or namespace definition, or end-of-file expected&#13;&#10;sol.cs(3,3): error CS1024: Preprocessor directive expected&#13;&#10;sol.cs(4,21): error CS1022: Type or namespace definition, or end-of-file expected&#13;&#10;sol.cs(5,1): error CS0116: A namespace cannot directly contain members such as fields or methods&#13;&#10;sol.cs(5,28): error CS1022: Type or namespace definition, or end-of-file expected&#13;&#10;sol.cs(6,9): error CS1001: Identifier expected&#13;&#10;sol.cs(6,51): error CS1002: ; expected&#13;&#10;sol.cs(6,51): error CS1022: Type or namespace definition, or end-of-file expected&#13;&#10;sol.cs(6,76): error CS1009: Unrecognized escape sequence&#13;&#10;sol.cs(8,7): error CS1002: ; expected&#13;&#10;sol.cs(9,46): error CS1001: Identifier expected&#13;&#10;sol.cs(9,48): error CS1002: ; expected&#13;&#10;sol.cs(9,48): error CS1022: Type or namespace definition, or end-of-file expected&#13;&#10;sol.cs(9,61): error CS1001: Identifier expected&#13;&#10;sol.cs(9,61): error CS1002: ; expected&#13;&#10;sol.cs(10,3): error CS0116: A namespace cannot directly contain members such as fields or methods&#13;&#10;sol.cs(10,8): error CS1022: Type or namespace definition, or end-of-file expected&#13;&#10;sol.cs(10,29): error CS1002: ; expected&#13;&#10;sol.cs(10,32): error CS1001: Identifier expected&#13;&#10;sol.cs(10,32): error CS1002: ; expected&#13;&#10;sol.cs(11,3): error CS0116: A namespace cannot directly contain members such as fields or methods&#13;&#10;sol.cs(11,10): error CS1022: Type or namespace definition, or end-of-file expected&#13;&#10;sol.cs(11,33): error CS1002: ; expected&#13;&#10;sol.cs(12,18): error CS1002: ; expected&#13;&#10;sol.cs(13,45): error CS1001: Identifier expected&#13;&#10;sol.cs(13,47): error CS1002: ; expected&#13;&#10;sol.cs(13,47): error CS1022: Type or namespace definition, or end-of-file expected&#13;&#10;sol.cs(13,49): error CS0116: A namespace cannot directly contain members such as fields or methods&#13;&#10;sol.cs(14,3): error CS1022: Type or namespace definition, or end-of-file expected&#13;&#10;sol.cs(14,7): error CS0116: A namespace cannot directly contain members such as fields or methods&#13;&#10;sol.cs(14,12): error CS1022: Type or namespace definition, or end-of-file expected&#13;&#10;sol.cs(14,13): error CS0116: A namespace cannot directly contain members such as fields or methods&#13;&#10;sol.cs(14,17): error CS1022: Type or namespace definition, or end-of-file expected&#13;&#10;sol.cs(14,23): error CS0116: A namespace cannot directly contain members such as fields or methods&#13;&#10;sol.cs(14,27): error CS1022: Type or namespace definition, or end-of-file expected&#13;&#10;sol.cs(14,29): error CS0116: A namespace cannot directly contain members such as fields or methods&#13;&#10;sol.cs(14,40): error CS1022: Type or namespace definition, or end-of-file expected&#13;&#10;sol.cs(14,41): error CS1022: Type or namespace definition, or end-of-file expected&#13;&#10;sol.cs(14,42): error CS0116: A namespace cannot directly contain members such as fields or methods&#13;&#10;sol.cs(14,47): error CS1022: Type or namespace definition, or end-of-file expected&#13;&#10;sol.cs(14,66): error CS1003: Syntax error, '(' expected&#13;&#10;sol.cs(14,66): error CS1001: Identifier expected&#13;&#10;sol.cs(14,73): error CS1001: Identifier expected&#13;&#10;sol.cs(14,73): error CS1003: Syntax error, ',' expected&#13;&#10;sol.cs(14,74): error CS1003: Syntax error, ',' expected&#13;&#10;sol.cs(14,81): error CS1026: ) expected&#13;&#10;sol.cs(15,7): error CS1002: ; expected&#13;&#10;sol.cs(15,29): error CS1002: ; expected&#13;&#10;sol.cs(15,40): error CS1002: ; expected&#13;&#10;sol.cs(15,41): error CS1022: Type or namespace definition, or end-of-file expected&#13;&#10;sol.cs(15,42): error CS0116: A namespace cannot directly contain members such as fields or methods&#13;&#10;sol.cs(15,47): error CS1022: Type or namespace definition, or end-of-file expected&#13;&#10;sol.cs(15,61): error CS1003: Syntax error, '(' expected&#13;&#10;sol.cs(15,61): error CS1001: Identifier expected&#13;&#10;sol.cs(15,71): error CS1001: Identifier expected&#13;&#10;sol.cs(15,71): error CS1003: Syntax error, ',' expected&#13;&#10;sol.cs(15,72): error CS1003: Syntax error, ',' expected&#13;&#10;sol.cs(15,79): error CS1026: ) expected&#13;&#10;sol.cs(16,7): error CS1002: ; expected&#13;&#10;sol.cs(16,29): error CS1002: ; expected&#13;&#10;sol.cs(16,40): error CS1002: ; expected&#13;&#10;sol.cs(16,41): error CS1022: Type or namespace definition, or end-of-file expected&#13;&#10;sol.cs(16,42): error CS0116: A namespace cannot directly contain members such as fields or methods&#13;&#10;sol.cs(16,49): error CS1022: Type or namespace definition, or end-of-file expected&#13;&#10;sol.cs(16,68): error CS1003: Syntax error, '(' expected&#13;&#10;sol.cs(16,68): error CS1001: Identifier expected&#13;&#10;sol.cs(16,77): error CS1001: Identifier expected&#13;&#10;sol.cs(16,77): error CS1003: Syntax error, ',' expected&#13;&#10;sol.cs(16,78): error CS1003: Syntax error, ',' expected&#13;&#10;sol.cs(16,85): error CS1026: ) expected&#13;&#10;sol.cs(17,7): error CS1002: ; expected&#13;&#10;sol.cs(17,29): error CS1002: ; expected&#13;&#10;sol.cs(17,40): error CS1002: ; expected&#13;&#10;sol.cs(17,41): error CS1022: Type or namespace definition, or end-of-file expected&#13;&#10;sol.cs(17,42): error CS0116: A namespace cannot directly contain members such as fields or methods&#13;&#10;sol.cs(17,49): error CS1022: Type or namespace definition, or end-of-file expected&#13;&#10;sol.cs(17,63): error CS1003: Syntax error, '(' expected&#13;&#10;sol.cs(17,63): error CS1001: Identifier expected&#13;&#10;sol.cs(17,75): error CS1001: Identifier expected&#13;&#10;sol.cs(17,75): error CS1003: Syntax error, ',' expected&#13;&#10;sol.cs(17,76): error CS1003: Syntax error, ',' expected&#13;&#10;sol.cs(17,83): error CS1003: Syntax error, ',' expected&#13;&#10;sol.cs(19,15): error CS1003: Syntax error, ',' expected&#13;&#10;sol.cs(19,34): error CS8124: Tuple must contain at least two elements.&#13;&#10;sol.cs(19,36): error CS1001: Identifier expected&#13;&#10;sol.cs(19,49): error CS1003: Syntax error, ',' expected&#13;&#10;sol.cs(20,20): error CS1001: Identifier expected&#13;&#10;sol.cs(20,27): error CS1003: Syntax error, ',' expected&#13;&#10;sol.cs(22,15): error CS1003: Syntax error, ',' expected&#13;&#10;sol.cs(22,36): error CS8124: Tuple must contain at least two elements.&#13;&#10;sol.cs(22,38): error CS1001: Identifier expected&#13;&#10;sol.cs(22,52): error CS1003: Syntax error, ',' expected&#13;&#10;sol.cs(23,16): error CS1001: Identifier expected&#13;&#10;sol.cs(23,18): error CS1525: Invalid expression term '{'&#13;&#10;sol.cs(23,18): error CS1026: ) expected&#13;&#10;sol.cs(23,41): error CS1002: ; expected&#13;&#10;sol.cs(23,45): error CS1002: ; expected&#13;&#10;sol.cs(23,46): error CS1002: ; expected&#13;&#10;sol.cs(23,55): error CS1002: ; expected&#13;&#10;sol.cs(25,10): error CS1002: ; expected&#13;&#10;"/>
  <testing>
    <results>
    </results>
  </testing>
</testing-report>
