<?xml version="1.0" encoding="Windows-1251"?>
<testing-report version="2.0" points="0" max="100" outcome="compilation-error" gtid="20170218160148014324835021">
  <solution problem="M6" problem-name=" " problem-type="P" contestant="B1H" time-limit="1000" memory-limit="268435456"/>
  <compiling outcome="compilation-error" command-line="g++ --std=c++14 -O2 -Wl,--stack,256000000 -o sol.exe sol.cxx " compiler-output="sol.cxx: In function 'int main()':&#13;&#10;sol.cxx:37:62: error: expected ')' before '{' token&#13;&#10;         if((i == 0 &amp;&amp; tf &gt; a[i]) || (i &gt; 0 &amp;&amp; tt[i-1] &lt; a[i]){&#13;&#10;                                                              ^&#13;&#10;sol.cxx:41:5: error: expected primary-expression before '}' token&#13;&#10;     }&#13;&#10;     ^&#13;&#10;"/>
  <testing>
    <results>
    </results>
  </testing>
</testing-report>
