<?xml version="1.0" encoding="Windows-1251"?>
<testing-report version="2.0" points="0" max="100" outcome="compilation-error" gtid="20210424141610003083736928">
  <solution problem="Z2" problem-name=" " problem-type="P" contestant="D82" time-limit="1000" memory-limit="268435456"/>
  <compiling outcome="compilation-error" command-line="g++ --std=c++14 -O2 -Wl,--stack,256000000 -o sol.exe sol.cxx " compiler-output="sol.cxx: In function 'int main()':&#13;&#10;sol.cxx:15:43: error: 'max_element' was not declared in this scope&#13;&#10; cout &lt;&lt;*(max_element (v1.begin(), v1.end()) ) - *(min_element (v1.begin(), v1.end()));&#13;&#10;                                           ^&#13;&#10;sol.cxx:15:84: error: 'min_element' was not declared in this scope&#13;&#10; cout &lt;&lt;*(max_element (v1.begin(), v1.end()) ) - *(min_element (v1.begin(), v1.end()));&#13;&#10;                                                                                    ^&#13;&#10;"/>
  <testing>
    <results>
    </results>
  </testing>
</testing-report>
