<?xml version="1.0" encoding="Windows-1251"?>
<testing-report version="2.0" points="0" max="100" outcome="compilation-error" gtid="20150131154119047953070079">
  <solution problem="1" problem-name="23feb" problem-type="P" contestant="A02" time-limit="500" memory-limit="268435456"/>
  <compiling outcome="compilation-error" command-line="g++ -O2 -Wl,--stack,67108864 -o sol.exe sol.cpp " compiler-output="sol.CPP: In function 'int main()':&#13;&#10;sol.CPP:16:6: error: 'i' was not declared in this scope&#13;&#10;  for(i=0;i&lt;n;i++)&#13;&#10;      ^&#13;&#10;sol.CPP:24:20: error: 'b' was not declared in this scope&#13;&#10;   if(a[i]&gt;=a[i+1]){b=1;} else{cout&lt;&lt;&quot;NO&quot;; return 0;}&#13;&#10;                    ^&#13;&#10;sol.CPP:26:5: error: 'b' was not declared in this scope&#13;&#10;  if(b==1){cout&lt;&lt;&quot;YES&quot;&lt;&lt;endl; cout&lt;&lt;0;}&#13;&#10;     ^&#13;&#10;"/>
  <testing>
    <results>
    </results>
  </testing>
</testing-report>
