<?xml version="1.0" encoding="Windows-1251"?>
<testing-report version="2.0" points="0" max="100" outcome="compilation-error" gtid="20180217145510074359607512">
  <solution problem="6" problem-name=" " problem-type="P" contestant="A4N" time-limit="2000" memory-limit="268435456"/>
  <compiling outcome="compilation-error" command-line="g++ -O2 -Wl,--stack,256000000 -o sol.exe sol.cpp " compiler-output="sol.cpp: In function 'int main()':&#13;&#10;sol.cpp:37:13: error: 'from' was not declared in this scope&#13;&#10;    if (mind[from][to] &lt;= t &amp;&amp; t &lt;= maxd[from][to]) {&#13;&#10;             ^~~~&#13;&#10;sol.cpp:37:19: error: 'to' was not declared in this scope&#13;&#10;    if (mind[from][to] &lt;= t &amp;&amp; t &lt;= maxd[from][to]) {&#13;&#10;                   ^~&#13;&#10;"/>
  <testing>
    <results>
    </results>
  </testing>
</testing-report>
