<?xml version="1.0" encoding="Windows-1251"?>
<testing-report version="2.0" points="0" max="300" outcome="compilation-error" gtid="20190209142422054059962607">
  <solution problem="Z1" problem-name=" " problem-type="P" contestant="C06" time-limit="1000" memory-limit="268435456"/>
  <compiling outcome="compilation-error" command-line="g++ --std=c++17 -O2 -Wl,--stack,256000000 -o sol.exe sol.cc " compiler-output="sol.cc:12:5: error: cannot declare '::main' to be a global variable&#13;&#10; int main&#13;&#10;     ^~~~&#13;&#10;sol.cc:14:1: error: expected primary-expression before 'long'&#13;&#10; long long a, b;&#13;&#10; ^~~~&#13;&#10;sol.cc:14:1: error: expected '}' before 'long'&#13;&#10;sol.cc:13:1: note: to match this '{'&#13;&#10; {&#13;&#10; ^&#13;&#10;sol.cc:15:1: error: 'cin' does not name a type; did you mean 'sin'?&#13;&#10; cin&gt;&gt; a &gt;&gt; b;&#13;&#10; ^~~&#13;&#10; sin&#13;&#10;sol.cc:16:1: error: 'cout' does not name a type; did you mean 'cosl'?&#13;&#10; cout&lt;&lt;a+b;&#13;&#10; ^~~~&#13;&#10; cosl&#13;&#10;sol.cc:18:1: error: expected declaration before '}' token&#13;&#10; }&#13;&#10; ^&#13;&#10;"/>
  <testing>
    <results>
    </results>
  </testing>
</testing-report>
