<?xml version="1.0" encoding="Windows-1251"?>
<testing-report version="2.0" points="0" max="100" outcome="compilation-error" gtid="20180127145902054238050154">
  <solution problem="M2" problem-name=" " problem-type="P" contestant="C06" time-limit="1000" memory-limit="268435456"/>
  <compiling outcome="compilation-error" command-line="g++ --std=c++14 -O2 -Wl,--stack,256000000 -o sol.exe sol.cxx " compiler-output="sol.cxx: In function 'int main()':&#13;&#10;sol.cxx:10:16: error: 'no' was not declared in this scope&#13;&#10;        cout &lt;&lt; no &lt;&lt; &quot;\n&quot; &lt;&lt; yes;&#13;&#10;                ^~&#13;&#10;sol.cxx:10:30: error: 'yes' was not declared in this scope&#13;&#10;        cout &lt;&lt; no &lt;&lt; &quot;\n&quot; &lt;&lt; yes;&#13;&#10;                              ^~~&#13;&#10;"/>
  <testing>
    <results>
    </results>
  </testing>
</testing-report>
