<?xml version="1.0" encoding="Windows-1251"?>
<testing-report version="2.0" points="0" max="100" outcome="compilation-error" gtid="20210515132821032390257354">
  <solution problem="M4" problem-name=" " problem-type="P" contestant="A1S" time-limit="1000" memory-limit="268435456"/>
  <compiling outcome="compilation-error" command-line="g++ --std=c++14 -O2 -Wl,--stack,256000000 -o sol.exe sol.cxx " compiler-output="sol.cxx: In function 'int main()':&#13;&#10;sol.cxx:56:28: error: expected primary-expression before '|' token&#13;&#10;             for(auto ff: a)|&#13;&#10;                            ^&#13;&#10;sol.cxx:57:13: error: expected primary-expression before 'for'&#13;&#10;             for(int i = 0; i &lt;= W; i++) {&#13;&#10;             ^~~&#13;&#10;sol.cxx:57:39: error: expected ';' before ')' token&#13;&#10;             for(int i = 0; i &lt;= W; i++) {&#13;&#10;                                       ^&#13;&#10;sol.cxx:62:13: error: 'sumw' was not declared in this scope&#13;&#10;             sumw += nw;&#13;&#10;             ^~~~&#13;&#10;"/>
  <testing>
    <results>
    </results>
  </testing>
</testing-report>
