<?xml version="1.0" encoding="Windows-1251"?>
<testing-report version="2.0" points="0" max="100" outcome="compilation-error" gtid="20170204121535015140037449">
  <solution problem="P1" problem-name=" " problem-type="P" contestant="D17" time-limit="1000" memory-limit="268435456"/>
  <compiling outcome="compilation-error" command-line="g++ -O2 -Wl,--stack,256000000 -o sol.exe sol.cpp " compiler-output="sol.cpp:3:1: error: stray '\317' in program&#13;&#10; Name=Проект1&#13;&#10; ^&#13;&#10;sol.cpp:3:1: error: stray '\360' in program&#13;&#10;sol.cpp:3:1: error: stray '\356' in program&#13;&#10;sol.cpp:3:1: error: stray '\345' in program&#13;&#10;sol.cpp:3:1: error: stray '\352' in program&#13;&#10;sol.cpp:3:1: error: stray '\362' in program&#13;&#10;sol.cpp:1:1: error: expected unqualified-id before '[' token&#13;&#10; [Project]&#13;&#10; ^&#13;&#10;"/>
  <testing>
    <results>
    </results>
  </testing>
</testing-report>
