<?xml version="1.0" encoding="Windows-1251"?>
<testing-report version="2.0" points="0" max="100" outcome="compilation-error" gtid="20200118113347021148837929">
  <solution problem="P1" problem-name=" " problem-type="P" contestant="C38" time-limit="1000" memory-limit="268435456"/>
  <compiling outcome="compilation-error" command-line="g++ --std=c++14 -O2 -Wl,--stack,256000000 -o sol.exe sol.cxx " compiler-output="sol.cxx:1:1: error: stray '\303' in program&#13;&#10; ï»¿//#include &quot;pch.h&quot;&#13;&#10; ^&#13;&#10;sol.cxx:1:2: error: stray '\257' in program&#13;&#10; ï»¿//#include &quot;pch.h&quot;&#13;&#10;  ^&#13;&#10;sol.cxx:1:3: error: stray '\302' in program&#13;&#10; ï»¿//#include &quot;pch.h&quot;&#13;&#10;   ^&#13;&#10;sol.cxx:1:4: error: stray '\273' in program&#13;&#10; ï»¿//#include &quot;pch.h&quot;&#13;&#10;    ^&#13;&#10;sol.cxx:1:5: error: stray '\302' in program&#13;&#10; ï»¿//#include &quot;pch.h&quot;&#13;&#10;     ^&#13;&#10;sol.cxx:1:6: error: stray '\277' in program&#13;&#10; ï»¿//#include &quot;pch.h&quot;&#13;&#10;      ^&#13;&#10;"/>
  <testing>
    <results>
    </results>
  </testing>
</testing-report>
