<?xml version="1.0" encoding="Windows-1251"?>
<testing-report version="2.0" points="0" max="100" outcome="compilation-error" gtid="20200229160801106502654949">
  <solution problem="M6" problem-name=" " problem-type="P" contestant="C3C" time-limit="1000" memory-limit="268435456"/>
  <compiling outcome="compilation-error" command-line="g++ --std=c++14 -O2 -Wl,--stack,256000000 -o sol.exe sol.cxx " compiler-output="sol.cxx: In function 'void pudge()':&#13;&#10;sol.cxx:55:15: error: expected ';' before 'while'&#13;&#10;     ran += &quot; &quot;&#13;&#10;               ^&#13;&#10;               ;&#13;&#10;     while(k3){&#13;&#10;     ~~~~~      &#13;&#10;sol.cxx:93:17: error: expected ';' before 'sum2'&#13;&#10;     sum3 += cur3&#13;&#10;                 ^&#13;&#10;                 ;&#13;&#10;     sum2 += cur2;&#13;&#10;     ~~~~         &#13;&#10;"/>
  <testing>
    <results>
    </results>
  </testing>
</testing-report>
