<?xml version="1.0" encoding="Windows-1251"?>
<testing-report version="2.0" points="0" max="100" outcome="compilation-error" gtid="20190209153838079274053059">
  <solution problem="Z6" problem-name=" " problem-type="P" contestant="B71" time-limit="1000" memory-limit="268435456"/>
  <compiling outcome="compilation-error" command-line="g++ --std=c++17 -O2 -Wl,--stack,256000000 -o sol.exe sol.cc " compiler-output="sol.cc: In function 'int main()':&#13;&#10;sol.cc:15:2: error: expected initializer before 'for'&#13;&#10;  for (int i = 0; i &lt; n; i++)&#13;&#10;  ^~~&#13;&#10;sol.cc:15:18: error: 'i' was not declared in this scope&#13;&#10;  for (int i = 0; i &lt; n; i++)&#13;&#10;                  ^&#13;&#10;"/>
  <testing>
    <results>
    </results>
  </testing>
</testing-report>
