<?xml version="1.0" encoding="Windows-1251"?>
<testing-report version="2.0" points="0" max="100" outcome="compilation-error" gtid="20190209142641054924778355">
  <solution problem="Z6" problem-name=" " problem-type="P" contestant="C06" time-limit="1000" memory-limit="268435456"/>
  <compiling outcome="compilation-error" command-line="g++ --std=c++17 -O2 -Wl,--stack,256000000 -o sol.exe sol.cc " compiler-output="sol.cc:13:26: error: 'int64' has not been declared&#13;&#10; void input(vector&lt;T&gt;&amp; a, int64 n)&#13;&#10;                          ^~~~~&#13;&#10;sol.cc: In function 'void input(std::vector&lt;T&gt;&amp;, int)':&#13;&#10;sol.cc:15:7: error: 'int64' was not declared in this scope&#13;&#10;  for (int64 i = 0; i &lt; n; i++)&#13;&#10;       ^~~~~&#13;&#10;sol.cc:15:7: note: suggested alternative: 'int64_t'&#13;&#10;  for (int64 i = 0; i &lt; n; i++)&#13;&#10;       ^~~~~&#13;&#10;       int64_t&#13;&#10;sol.cc:15:20: error: 'i' was not declared in this scope&#13;&#10;  for (int64 i = 0; i &lt; n; i++)&#13;&#10;                    ^&#13;&#10;sol.cc: At global scope:&#13;&#10;sol.cc:23:1: error: 'int64' does not name a type; did you mean 'int64_t'?&#13;&#10; int64 FTI(double n)&#13;&#10; ^~~~~&#13;&#10; int64_t&#13;&#10;sol.cc: In function 'int main()':&#13;&#10;sol.cc:30:2: error: 'int64' was not declared in this scope&#13;&#10;  int64 n, A;&#13;&#10;  ^~~~~&#13;&#10;sol.cc:30:2: note: suggested alternative: 'int64_t'&#13;&#10;  int64 n, A;&#13;&#10;  ^~~~~&#13;&#10;  int64_t&#13;&#10;sol.cc:31:9: error: 'n' was not declared in this scope&#13;&#10;  cin &gt;&gt; n &gt;&gt; A;&#13;&#10;         ^&#13;&#10;sol.cc:31:14: error: 'A' was not declared in this scope&#13;&#10;  cin &gt;&gt; n &gt;&gt; A;&#13;&#10;              ^&#13;&#10;sol.cc:32:7: error: expected ';' before 'imax'&#13;&#10;  int64 imax = -1;&#13;&#10;       ^~~~~&#13;&#10;       ;&#13;&#10;sol.cc:33:7: error: expected ';' before 'jmax'&#13;&#10;  int64 jmax = -1;&#13;&#10;       ^~~~~&#13;&#10;       ;&#13;&#10;sol.cc:34:7: error: expected ';' before 'maxx'&#13;&#10;  int64 maxx = -1;&#13;&#10;       ^~~~~&#13;&#10;       ;&#13;&#10;sol.cc:35:21: error: type/value mismatch at argument 1 in template parameter list for 'template&lt;class _Tp, class _Alloc&gt; class std::vector'&#13;&#10;  vector&lt;vector&lt;int64&gt; &gt; a(n);&#13;&#10;                     ^&#13;&#10;sol.cc:35:21: note:   expected a type, got 'int64'&#13;&#10;sol.cc:35:21: error: template argument 2 is invalid&#13;&#10;sol.cc:35:23: error: template argument 1 is invalid&#13;&#10;  vector&lt;vector&lt;int64&gt; &gt; a(n);&#13;&#10;                       ^&#13;&#10;sol.cc:35:23: error: template argument 2 is invalid&#13;&#10;sol.cc:37:12: error: expected ';' before 'i'&#13;&#10;  for (int64 i = 0; i &lt; n; i++)&#13;&#10;            ^~&#13;&#10;            ;&#13;&#10;sol.cc:37:20: error: 'i' was not declared in this scope&#13;&#10;  for (int64 i = 0; i &lt; n; i++)&#13;&#10;                    ^&#13;&#10;sol.cc:39:8: error: expected ';' before 'x'&#13;&#10;   int64 x;&#13;&#10;        ^~&#13;&#10;        ;&#13;&#10;sol.cc:40:10: error: 'x' was not declared in this scope&#13;&#10;   cin &gt;&gt; x;&#13;&#10;          ^&#13;&#10;sol.cc:43:9: error: request for member 'begin' in 'a', which is of non-class type 'int'&#13;&#10;  sort(a.begin(), a.end());&#13;&#10;         ^~~~~&#13;&#10;sol.cc:43:20: error: request for member 'end' in 'a', which is of non-class type 'int'&#13;&#10;  sort(a.begin(), a.end());&#13;&#10;                    ^~~&#13;&#10;sol.cc:44:12: error: request for member 'begin' in 'a', which is of non-class type 'int'&#13;&#10;  reverse(a.begin(), a.end());&#13;&#10;            ^~~~~&#13;&#10;sol.cc:44:23: error: request for member 'end' in 'a', which is of non-class type 'int'&#13;&#10;  reverse(a.begin(), a.end());&#13;&#10;                       ^~~&#13;&#10;sol.cc:45:12: error: expected ';' before 'i'&#13;&#10;  for (int64 i = 0; i &lt; n; i++)&#13;&#10;            ^~&#13;&#10;            ;&#13;&#10;sol.cc:45:20: error: 'i' was not declared in this scope&#13;&#10;  for (int64 i = 0; i &lt; n; i++)&#13;&#10;                    ^&#13;&#10;sol.cc:47:8: error: expected ';' before 'x'&#13;&#10;   int64 x = i;&#13;&#10;        ^~&#13;&#10;        ;&#13;&#10;sol.cc:48:8: error: expected ';' before 'y'&#13;&#10;   int64 y = n;&#13;&#10;        ^~&#13;&#10;        ;&#13;&#10;sol.cc:49:10: error: 'y' was not declared in this scope&#13;&#10;   while (y - x &gt; 1)&#13;&#10;          ^&#13;&#10;sol.cc:49:14: error: 'x' was not declared in this scope&#13;&#10;   while (y - x &gt; 1)&#13;&#10;              ^&#13;&#10;sol.cc:51:9: error: expected ';' before 'mid'&#13;&#10;    int64 mid = (x + y) / 2;&#13;&#10;         ^~~~&#13;&#10;         ;&#13;&#10;sol.cc:52:20: error: 'mid' was not declared in this scope&#13;&#10;    if (a[i][0] * a[mid][0] &gt; A) x = mid;&#13;&#10;                    ^~~&#13;&#10;sol.cc:52:20: note: suggested alternative: 'main'&#13;&#10;    if (a[i][0] * a[mid][0] &gt; A) x = mid;&#13;&#10;                    ^~~&#13;&#10;                    main&#13;&#10;sol.cc:54:44: error: 'maxx' was not declared in this scope&#13;&#10;    if (y&lt;n and y&gt;i and a[y][0] * a[i][0] &gt; maxx)&#13;&#10;                                            ^~~~&#13;&#10;sol.cc:54:44: note: suggested alternative: 'main'&#13;&#10;    if (y&lt;n and y&gt;i and a[y][0] * a[i][0] &gt; maxx)&#13;&#10;                                            ^~~~&#13;&#10;                                            main&#13;&#10;sol.cc:56:5: error: 'imax' was not declared in this scope&#13;&#10;     imax = a[i][1];&#13;&#10;     ^~~~&#13;&#10;sol.cc:56:5: note: suggested alternative: 'fmax'&#13;&#10;     imax = a[i][1];&#13;&#10;     ^~~~&#13;&#10;     fmax&#13;&#10;sol.cc:57:5: error: 'jmax' was not declared in this scope&#13;&#10;     jmax = a[y][1];&#13;&#10;     ^~~~&#13;&#10;sol.cc:57:5: note: suggested alternative: 'fmax'&#13;&#10;     jmax = a[y][1];&#13;&#10;     ^~~~&#13;&#10;     fmax&#13;&#10;sol.cc:63:6: error: 'maxx' was not declared in this scope&#13;&#10;  if (maxx == -1) cout &lt;&lt; (0);&#13;&#10;      ^~~~&#13;&#10;sol.cc:63:6: note: suggested alternative: 'main'&#13;&#10;  if (maxx == -1) cout &lt;&lt; (0);&#13;&#10;      ^~~~&#13;&#10;      main&#13;&#10;sol.cc:67:11: error: 'imax' was not declared in this scope&#13;&#10;   cout &lt;&lt; imax + 1 &lt;&lt; &quot; &quot; &lt;&lt; jmax + 1;&#13;&#10;           ^~~~&#13;&#10;sol.cc:67:11: note: suggested alternative: 'fmax'&#13;&#10;   cout &lt;&lt; imax + 1 &lt;&lt; &quot; &quot; &lt;&lt; jmax + 1;&#13;&#10;           ^~~~&#13;&#10;           fmax&#13;&#10;sol.cc:67:30: error: 'jmax' was not declared in this scope&#13;&#10;   cout &lt;&lt; imax + 1 &lt;&lt; &quot; &quot; &lt;&lt; jmax + 1;&#13;&#10;                              ^~~~&#13;&#10;sol.cc:67:30: note: suggested alternative: 'fmax'&#13;&#10;   cout &lt;&lt; imax + 1 &lt;&lt; &quot; &quot; &lt;&lt; jmax + 1;&#13;&#10;                              ^~~~&#13;&#10;                              fmax&#13;&#10;"/>
  <testing>
    <results>
    </results>
  </testing>
</testing-report>
