<?xml version="1.0" encoding="Windows-1251"?>
<testing-report version="2.0" points="0" max="100" outcome="compilation-error" gtid="20190209120000016685956579">
  <solution problem="Z6" problem-name=" " problem-type="P" contestant="D63" time-limit="1000" memory-limit="268435456"/>
  <compiling outcome="compilation-error" command-line="g++ -O2 -Wl,--stack,256000000 -o sol.exe sol.cpp " compiler-output="sol.cpp: In function 'int main()':&#13;&#10;sol.cpp:14:24: error: 'i' was not declared in this scope&#13;&#10;  unsigned long max = a[i] * a[j];&#13;&#10;                        ^&#13;&#10;sol.cpp:14:31: error: 'j' was not declared in this scope&#13;&#10;  unsigned long max = a[i] * a[j];&#13;&#10;                               ^&#13;&#10;"/>
  <testing>
    <results>
    </results>
  </testing>
</testing-report>
