<?xml version="1.0" encoding="Windows-1251"?>
<testing-report version="2.0" points="0" max="100" outcome="compilation-error" gtid="20180217135537055104263412">
  <solution problem="5" problem-name=" " problem-type="P" contestant="B5R" time-limit="1000" memory-limit="268435456"/>
  <compiling outcome="compilation-error" command-line="g++ --std=c++14 -O2 -Wl,--stack,256000000 -o sol.exe sol.cxx " compiler-output="sol.cxx: In function 'bool ch()':&#13;&#10;sol.cxx:16:39: error: 'class std::queue&lt;long double&gt;' has no member named 'top'; did you mean 'pop'?&#13;&#10;     return (ma + sumMin - cntMin * cs.top() &gt; 0)&#13;&#10;                                       ^~~&#13;&#10;sol.cxx:17:1: error: expected ';' before '}' token&#13;&#10; }&#13;&#10; ^&#13;&#10;sol.cxx: In function 'int main()':&#13;&#10;sol.cxx:44:34: error: 'class std::queue&lt;long double&gt;' has no member named 'top'; did you mean 'pop'?&#13;&#10;                     sumMin += cs.top();&#13;&#10;                                  ^~~&#13;&#10;"/>
  <testing>
    <results>
    </results>
  </testing>
</testing-report>
