<?xml version="1.0" encoding="Windows-1251"?>
<testing-report version="2.0" points="0" max="100" outcome="compilation-error" gtid="20180127134936012572991586">
  <solution problem="M3" problem-name=" " problem-type="P" contestant="B21" time-limit="1000" memory-limit="268435456"/>
  <compiling outcome="compilation-error" command-line="g++ -O2 -Wl,--stack,256000000 -o sol.exe sol.cpp " compiler-output="sol.cpp: In function 'int main(int, char**)':&#13;&#10;sol.cpp:9:7: error: 'A' was not declared in this scope&#13;&#10;  fin&gt;&gt;A;&#13;&#10;       ^&#13;&#10;sol.cpp:10:7: error: 'B' was not declared in this scope&#13;&#10;  fin&gt;&gt;B;&#13;&#10;       ^&#13;&#10;"/>
  <testing>
    <results>
    </results>
  </testing>
</testing-report>
