<?xml version="1.0" encoding="Windows-1251"?>
<testing-report version="2.0" points="0" max="100" outcome="compilation-error" gtid="20170218155458010218773750">
  <solution problem="M7" problem-name=" " problem-type="P" contestant="A1O" time-limit="1500" memory-limit="268435456"/>
  <compiling outcome="compilation-error" command-line="g++ -O2 -Wl,--stack,256000000 -o sol.exe sol.cpp " compiler-output="sol.cpp: In function 'void dfs(int, int)':&#13;&#10;sol.cpp:98:10: error: 'it' does not name a type&#13;&#10;     auto it = upper_bound(all(lel[tsum[v]]), lin[v]);&#13;&#10;          ^&#13;&#10;sol.cpp:99:5: error: 'it' was not declared in this scope&#13;&#10;     it--;&#13;&#10;     ^&#13;&#10;"/>
  <testing>
    <results>
    </results>
  </testing>
</testing-report>
