<?xml version="1.0" encoding="Windows-1251"?>
<testing-report version="2.0" points="0" max="100" outcome="compilation-error" gtid="20170204121556015364952404">
  <solution problem="P1" problem-name=" " problem-type="P" contestant="A16" time-limit="1000" memory-limit="268435456"/>
  <compiling outcome="compilation-error" command-line="g++ -O2 -Wl,--stack,256000000 -o sol.exe sol.cpp " compiler-output="sol.cpp:11:1: error: stray '\273' in program&#13;&#10; file » a » b;&#13;&#10; ^&#13;&#10;sol.cpp:11:1: error: stray '\273' in program&#13;&#10;sol.cpp:14:1: error: stray '\253' in program&#13;&#10; file1 « sum;&#13;&#10; ^&#13;&#10;sol.cpp: In function 'int main()':&#13;&#10;sol.cpp:11:8: error: expected ';' before 'a'&#13;&#10; file » a » b;&#13;&#10;        ^&#13;&#10;sol.cpp:14:9: error: expected ';' before 'sum'&#13;&#10; file1 « sum;&#13;&#10;         ^&#13;&#10;"/>
  <testing>
    <results>
    </results>
  </testing>
</testing-report>
